<?xml version="1.0" encoding="UTF-8"?>
<!-- Generated by org.testng.reporters.JUnitReportReporter -->
<testsuite hostname="Deepak" failures="0" tests="1" name="restapi.TC003_GET_Request" time="4.821" errors="0" timestamp="2024-06-29T14:20:27 IST" skipped="0">
  <testcase classname="restapi.TC003_GET_Request" name="googleMapTest" time="4.821"/>
</testsuite> <!-- restapi.TC003_GET_Request -->
