<?xml version="1.0" encoding="UTF-8"?>
<!-- Generated by org.testng.reporters.JUnitReportReporter -->
<testsuite hostname="Deepak" failures="0" tests="5" name="dataDrivenTesting.TC003_DDT_AddNewEmployees_UsingExcelSheet" time="9.339" errors="0" timestamp="2024-06-30T11:35:34 IST" skipped="0">
  <testcase classname="dataDrivenTesting.TC003_DDT_AddNewEmployees_UsingExcelSheet" name="postNewEmployees" time="0.979"/>
  <testcase classname="dataDrivenTesting.TC003_DDT_AddNewEmployees_UsingExcelSheet" name="postNewEmployees" time="1.016"/>
  <testcase classname="dataDrivenTesting.TC003_DDT_AddNewEmployees_UsingExcelSheet" name="postNewEmployees" time="1.002"/>
  <testcase classname="dataDrivenTesting.TC003_DDT_AddNewEmployees_UsingExcelSheet" name="postNewEmployees" time="1.013"/>
  <testcase classname="dataDrivenTesting.TC003_DDT_AddNewEmployees_UsingExcelSheet" name="postNewEmployees" time="5.329"/>
</testsuite> <!-- dataDrivenTesting.TC003_DDT_AddNewEmployees_UsingExcelSheet -->
