<?xml version="1.0" encoding="UTF-8"?>
<!-- Generated by org.testng.reporters.JUnitReportReporter -->
<testsuite hostname="Deepak" failures="0" tests="1" name="dataDrivenTesting.TC001_DataDrivenTest_AddNewEmployees" time="3.279" errors="0" timestamp="2024-06-29T19:16:21 IST" skipped="0">
  <testcase classname="dataDrivenTesting.TC001_DataDrivenTest_AddNewEmployees" name="postNewEmployees" time="3.279"/>
</testsuite> <!-- dataDrivenTesting.TC001_DataDrivenTest_AddNewEmployees -->
