<?xml version="1.0" encoding="UTF-8"?>
<!-- Generated by org.testng.reporters.JUnitReportReporter -->
<testsuite hostname="Deepak" failures="0" tests="1" name="restapi.TC007_GET_RequestAuthentication" time="5.719" errors="0" timestamp="2024-06-29T17:54:35 IST" skipped="0">
  <testcase classname="restapi.TC007_GET_RequestAuthentication" name="AuthenticationTest" time="5.719"/>
</testsuite> <!-- restapi.TC007_GET_RequestAuthentication -->
