<?xml version="1.0" encoding="UTF-8"?>
<!-- Generated by org.testng.reporters.JUnitReportReporter -->
<testsuite hostname="Deepak" failures="0" tests="1" name="restapi.TC002_POST_Request" time="4.318" errors="0" timestamp="2024-06-29T11:49:22 IST" skipped="0">
  <testcase classname="restapi.TC002_POST_Request" name="RegistrationSuccessful" time="4.318"/>
</testsuite> <!-- restapi.TC002_POST_Request -->
