<?xml version="1.0" encoding="UTF-8"?>
<!-- Generated by org.testng.reporters.JUnitReportReporter -->
<testsuite hostname="Deepak" failures="0" tests="1" name="dataDrivenTesting.TC001_DataDrivenTest_PostNewEmployees" time="5.914" errors="0" timestamp="2024-06-29T19:39:07 IST" skipped="0">
  <testcase classname="dataDrivenTesting.TC001_DataDrivenTest_PostNewEmployees" name="postNewEmployees" time="5.914"/>
</testsuite> <!-- dataDrivenTesting.TC001_DataDrivenTest_PostNewEmployees -->
