<?xml version="1.0" encoding="UTF-8"?>
<!-- Generated by org.testng.reporters.JUnitReportReporter -->
<testsuite hostname="Deepak" failures="0" tests="1" name="restapi.TC004_GET_Request_PrintAllHeaders" time="5.112" errors="0" timestamp="2024-06-29T14:47:42 IST" skipped="0">
  <testcase classname="restapi.TC004_GET_Request_PrintAllHeaders" name="googleMapTest" time="5.112"/>
</testsuite> <!-- restapi.TC004_GET_Request_PrintAllHeaders -->
