<?xml version="1.0" encoding="UTF-8"?>
<!-- Generated by org.testng.reporters.JUnitReportReporter -->
<testsuite hostname="Deepak" failures="0" tests="3" name="dataDrivenTesting.TC002_DataDrivenTest_AddNewEmployeesUsingDataProvider" time="9.767" errors="0" timestamp="2024-06-29T20:01:49 IST" skipped="0">
  <testcase classname="dataDrivenTesting.TC002_DataDrivenTest_AddNewEmployeesUsingDataProvider" name="postNewEmployees" time="7.375"/>
  <testcase classname="dataDrivenTesting.TC002_DataDrivenTest_AddNewEmployeesUsingDataProvider" name="postNewEmployees" time="0.929"/>
  <testcase classname="dataDrivenTesting.TC002_DataDrivenTest_AddNewEmployeesUsingDataProvider" name="postNewEmployees" time="1.463"/>
</testsuite> <!-- dataDrivenTesting.TC002_DataDrivenTest_AddNewEmployeesUsingDataProvider -->
